<?xml version="1.0" encoding="UTF-8"?>
<testng-results ignored="0" total="3" passed="3" failed="0" skipped="0">
  <reporter-output>
  </reporter-output>
  <suite started-at="2026-05-18T01:39:40 IST" name="DreamPortalSuite" finished-at="2026-05-18T01:41:08 IST" duration-ms="88269">
    <groups>
    </groups>
    <test started-at="2026-05-18T01:39:40 IST" name="DreamPortalTests" finished-at="2026-05-18T01:41:08 IST" duration-ms="88269">
      <class name="tests.HomePageTest">
        <test-method is-config="true" signature="setup()[pri:0, instance:tests.HomePageTest@59474f18]" started-at="2026-05-18T01:39:40 IST" name="setup" finished-at="2026-05-18T01:39:51 IST" duration-ms="11758" status="PASS">
          <reporter-output>
          </reporter-output>
        </test-method> <!-- setup -->
        <test-method signature="verifyTabs()[pri:0, instance:tests.HomePageTest@59474f18]" started-at="2026-05-18T01:39:51 IST" name="verifyTabs" finished-at="2026-05-18T01:40:06 IST" duration-ms="14722" status="PASS">
          <reporter-output>
          </reporter-output>
        </test-method> <!-- verifyTabs -->
        <test-method is-config="true" signature="tearDown()[pri:0, instance:tests.HomePageTest@59474f18]" started-at="2026-05-18T01:40:06 IST" name="tearDown" finished-at="2026-05-18T01:40:10 IST" duration-ms="3850" status="PASS">
          <reporter-output>
          </reporter-output>
        </test-method> <!-- tearDown -->
      </class> <!-- tests.HomePageTest -->
      <class name="tests.SummaryTest">
        <test-method is-config="true" signature="setup()[pri:0, instance:tests.SummaryTest@3fc2959f]" started-at="2026-05-18T01:40:40 IST" name="setup" finished-at="2026-05-18T01:40:53 IST" duration-ms="12899" status="PASS">
          <reporter-output>
          </reporter-output>
        </test-method> <!-- setup -->
        <test-method signature="verifySummaryData()[pri:0, instance:tests.SummaryTest@3fc2959f]" started-at="2026-05-18T01:40:53 IST" name="verifySummaryData" finished-at="2026-05-18T01:41:07 IST" duration-ms="14075" status="PASS">
          <reporter-output>
          </reporter-output>
        </test-method> <!-- verifySummaryData -->
        <test-method is-config="true" signature="tearDown()[pri:0, instance:tests.SummaryTest@3fc2959f]" started-at="2026-05-18T01:41:07 IST" name="tearDown" finished-at="2026-05-18T01:41:08 IST" duration-ms="383" status="PASS">
          <reporter-output>
          </reporter-output>
        </test-method> <!-- tearDown -->
      </class> <!-- tests.SummaryTest -->
      <class name="tests.DiaryTest">
        <test-method is-config="true" signature="setup()[pri:0, instance:tests.DiaryTest@10683d9d]" started-at="2026-05-18T01:40:10 IST" name="setup" finished-at="2026-05-18T01:40:22 IST" duration-ms="12257" status="PASS">
          <reporter-output>
          </reporter-output>
        </test-method> <!-- setup -->
        <test-method signature="verifyDreamTable()[pri:0, instance:tests.DiaryTest@10683d9d]" started-at="2026-05-18T01:40:22 IST" name="verifyDreamTable" finished-at="2026-05-18T01:40:40 IST" duration-ms="17820" status="PASS">
          <reporter-output>
          </reporter-output>
        </test-method> <!-- verifyDreamTable -->
        <test-method is-config="true" signature="tearDown()[pri:0, instance:tests.DiaryTest@10683d9d]" started-at="2026-05-18T01:40:40 IST" name="tearDown" finished-at="2026-05-18T01:40:40 IST" duration-ms="440" status="PASS">
          <reporter-output>
          </reporter-output>
        </test-method> <!-- tearDown -->
      </class> <!-- tests.DiaryTest -->
    </test> <!-- DreamPortalTests -->
  </suite> <!-- DreamPortalSuite -->
</testng-results>
