<?xml version="1.0" encoding="UTF-8"?>
<!-- Generated by org.testng.reporters.JUnitXMLReporter -->
<testsuite ignored="0" hostname="LAPTOP-6972OAPE" failures="0" tests="3" name="DreamPortalTests" time="88.269" errors="0" timestamp="2026-05-18T01:41:08 IST">
  <testcase classname="tests.HomePageTest" name="verifyTabs" time="14.722"/>
  <testcase classname="tests.DiaryTest" name="verifyDreamTable" time="17.82"/>
  <testcase classname="tests.SummaryTest" name="verifySummaryData" time="14.075"/>
</testsuite> <!-- DreamPortalTests -->
